#
# A fatal error has been detected by the Java Runtime Environment:
#
#  EXCEPTION_ACCESS_VIOLATION (0xc0000005) at pc=0x000000006e446cc3, pid=1396, tid=7376
#
# JRE version: Java(TM) SE Runtime Environment (7.0_60-b19) (build 1.7.0_60-b19)
# Java VM: Java HotSpot(TM) 64-Bit Server VM (24.60-b09 mixed mode windows-amd64 compressed oops)
# Problematic frame:
# V  [jvm.dll+0x106cc3]
#
# Failed to write core dump. Minidumps are not enabled by default on client versions of Windows
#
# If you would like to submit a bug report, please visit:
#   http://bugreport.sun.com/bugreport/crash.jsp
#

---------------  T H R E A D  ---------------

Current thread (0x000000000b7a2800):  JavaThread "Code server for fingerfing from Mozilla/5.0 (Windows NT 6.1; WOW64; Trident/7.0; SLCC2; .NET CLR 2.0.50727; .NET CLR 3.5.30729; .NET CLR 3.0.30729; Media Center PC 6.0; .NET4.0C; InfoPath.3; .NET4.0E; rv:11.0) like Gecko on http://127.0.0.1:8888/FingerFing.html?gwt.codesvr=127.0.0.1:9997 @ {2[SL4Ag~N)\D2@x" daemon [_thread_in_vm, id=7376, stack(0x000000000cd30000,0x000000000ce30000)]

siginfo: ExceptionCode=0xc0000005, reading address 0x00000010dd837088

Registers:
RAX=0x00000000dd837100, RBX=0x0000000000000000, RCX=0x0000000000000008, RDX=0x00000010dd837008
RSP=0x000000000ce26460, RBP=0x00000000097e5220, RSI=0x00000000dd837140, RDI=0x000000000000000c
R8 =0x00000000dd8a16d0, R9 =0x00000000dd8a16d0, R10=0x0000000000000000, R11=0x000000000cfcc320
R12=0x0000000000000000, R13=0x00000000dd82d9e8, R14=0x00000000dd8370e8, R15=0x0000000000000001
RIP=0x000000006e446cc3, EFLAGS=0x0000000000010246

Top of Stack: (sp=0x000000000ce26460)
0x000000000ce26460:   000000000ced3021 000000000ced3020
0x000000000ce26470:   0000000009be69b0 000000000248c370
0x000000000ce26480:   0000000000000004 00000000097e5220
0x000000000ce26490:   00000000dd82d9e8 00000000dd8a16d0
0x000000000ce264a0:   00000000dd8a11fc 00000000dd838040
0x000000000ce264b0:   00000000dd8a1218 000000006e4470bc
0x000000000ce264c0:   00000000dd838058 0000000009be69b1
0x000000000ce264d0:   00000000dd8a16d0 000000006e407a0b
0x000000000ce264e0:   00000000097e5220 00000000dd8a11d8
0x000000000ce264f0:   00000000000083b0 00000000097e94c8
0x000000000ce26500:   000000000bb862b0 000000006e4471d7
0x000000000ce26510:   00000000097e5220 00000000097e14e0
0x000000000ce26520:   0000000000000000 0000000000000007
0x000000000ce26530:   000000000993b2e8 00000000dd82d9e8
0x000000000ce26540:   0000000000000000 0000000000200421
0x000000000ce26550:   000000000ce26740 000000000ce266e0 

Instructions: (pc=0x000000006e446cc3)
0x000000006e446ca3:   02 00 00 49 ff c2 4c 3b d3 0f 8c 8e fd ff ff 4c
0x000000006e446cb3:   8b 4c 24 70 48 8b 46 10 0f b7 48 38 48 8b 50 20
0x000000006e446cc3:   48 8b 44 ca 40 44 8b c1 48 89 44 24 68 48 8b 44
0x000000006e446cd3:   24 68 48 85 c0 75 6a 85 c9 74 66 80 3d b3 d2 64 


Register to memory mapping:

RAX=0x00000000dd837100 is an oop
{constMethod} 
 - klass: {other class}
 - constants:       0x00000000dd837008 constant pool [11] for 'com/google/gwt/event/dom/client/HasDragHandlers' cache=0x00000000dd8545e0
RBX=0x0000000000000000 is an unknown value
RCX=0x0000000000000008 is an unknown value
RDX=0x00000010dd837008 is an unknown value
RSP=0x000000000ce26460 is pointing into the stack for thread: 0x000000000b7a2800
RBP=0x00000000097e5220 is an unknown value
RSI=0x00000000dd837140 is an oop
{method} 
 - klass: {other class}
RDI=0x000000000000000c is an unknown value
R8 =0x00000000dd8a16d0 is an oop
[[I 
 - klass: 'java/lang/Object'[]
 - length: 48
R9 =0x00000000dd8a16d0 is an oop
[[I 
 - klass: 'java/lang/Object'[]
 - length: 48
R10=0x0000000000000000 is an unknown value
R11=0x000000000cfcc320 is an unknown value
R12=0x0000000000000000 is an unknown value
R13=0x00000000dd82d9e8 is an oop
{instance class} 
 - klass: {other class}
R14=0x00000000dd8370e8 is an oop
[[I 
 - klass: 'java/lang/Object'[]
 - length: 1
R15=0x0000000000000001 is an unknown value


Stack: [0x000000000cd30000,0x000000000ce30000],  sp=0x000000000ce26460,  free space=985k
Native frames: (J=compiled Java code, j=interpreted, Vv=VM code, C=native code)
V  [jvm.dll+0x106cc3]

Java frames: (J=compiled Java code, j=interpreted, Vv=VM code)
j  java.lang.ClassLoader.defineClass1(Ljava/lang/String;[BIILjava/security/ProtectionDomain;Ljava/lang/String;)Ljava/lang/Class;+0
j  java.lang.ClassLoader.defineClass(Ljava/lang/String;[BIILjava/security/ProtectionDomain;)Ljava/lang/Class;+30
J 2132 C2 com.google.gwt.dev.shell.CompilingClassLoader.findClass(Ljava/lang/String;)Ljava/lang/Class; (429 bytes) @ 0x0000000002dcd0cc [0x0000000002dcc880+0x84c]
J 2317 C2 com.google.gwt.dev.shell.CompilingClassLoader.loadClass(Ljava/lang/String;Z)Ljava/lang/Class; (85 bytes) @ 0x0000000002ec6b08 [0x0000000002ec39c0+0x3148]
J 2238 C2 java.lang.ClassLoader.loadClass(Ljava/lang/String;)Ljava/lang/Class; (7 bytes) @ 0x00000000029b5910 [0x00000000029b58e0+0x30]
v  ~StubRoutines::call_stub
j  java.lang.ClassLoader.defineClass1(Ljava/lang/String;[BIILjava/security/ProtectionDomain;Ljava/lang/String;)Ljava/lang/Class;+0
j  java.lang.ClassLoader.defineClass(Ljava/lang/String;[BIILjava/security/ProtectionDomain;)Ljava/lang/Class;+30
J 2132 C2 com.google.gwt.dev.shell.CompilingClassLoader.findClass(Ljava/lang/String;)Ljava/lang/Class; (429 bytes) @ 0x0000000002dcd0cc [0x0000000002dcc880+0x84c]
J 2317 C2 com.google.gwt.dev.shell.CompilingClassLoader.loadClass(Ljava/lang/String;Z)Ljava/lang/Class; (85 bytes) @ 0x0000000002ec6b08 [0x0000000002ec39c0+0x3148]
J 2238 C2 java.lang.ClassLoader.loadClass(Ljava/lang/String;)Ljava/lang/Class; (7 bytes) @ 0x00000000029b5910 [0x00000000029b58e0+0x30]
v  ~StubRoutines::call_stub
j  java.lang.ClassLoader.defineClass1(Ljava/lang/String;[BIILjava/security/ProtectionDomain;Ljava/lang/String;)Ljava/lang/Class;+0
j  java.lang.ClassLoader.defineClass(Ljava/lang/String;[BIILjava/security/ProtectionDomain;)Ljava/lang/Class;+30
J 2132 C2 com.google.gwt.dev.shell.CompilingClassLoader.findClass(Ljava/lang/String;)Ljava/lang/Class; (429 bytes) @ 0x0000000002dcd0cc [0x0000000002dcc880+0x84c]
J 2317 C2 com.google.gwt.dev.shell.CompilingClassLoader.loadClass(Ljava/lang/String;Z)Ljava/lang/Class; (85 bytes) @ 0x0000000002ec6b08 [0x0000000002ec39c0+0x3148]
J 2238 C2 java.lang.ClassLoader.loadClass(Ljava/lang/String;)Ljava/lang/Class; (7 bytes) @ 0x00000000029b5910 [0x00000000029b58e0+0x30]
v  ~StubRoutines::call_stub
j  java.lang.ClassLoader.defineClass1(Ljava/lang/String;[BIILjava/security/ProtectionDomain;Ljava/lang/String;)Ljava/lang/Class;+0
j  java.lang.ClassLoader.defineClass(Ljava/lang/String;[BIILjava/security/ProtectionDomain;)Ljava/lang/Class;+30
J 2132 C2 com.google.gwt.dev.shell.CompilingClassLoader.findClass(Ljava/lang/String;)Ljava/lang/Class; (429 bytes) @ 0x0000000002dcd0cc [0x0000000002dcc880+0x84c]
J 2317 C2 com.google.gwt.dev.shell.CompilingClassLoader.loadClass(Ljava/lang/String;Z)Ljava/lang/Class; (85 bytes) @ 0x0000000002ec6b08 [0x0000000002ec39c0+0x3148]
J 2238 C2 java.lang.ClassLoader.loadClass(Ljava/lang/String;)Ljava/lang/Class; (7 bytes) @ 0x00000000029b5910 [0x00000000029b58e0+0x30]
v  ~StubRoutines::call_stub
j  java.lang.ClassLoader.defineClass1(Ljava/lang/String;[BIILjava/security/ProtectionDomain;Ljava/lang/String;)Ljava/lang/Class;+0
j  java.lang.ClassLoader.defineClass(Ljava/lang/String;[BIILjava/security/ProtectionDomain;)Ljava/lang/Class;+30
J 2132 C2 com.google.gwt.dev.shell.CompilingClassLoader.findClass(Ljava/lang/String;)Ljava/lang/Class; (429 bytes) @ 0x0000000002dcd0cc [0x0000000002dcc880+0x84c]
J 2317 C2 com.google.gwt.dev.shell.CompilingClassLoader.loadClass(Ljava/lang/String;Z)Ljava/lang/Class; (85 bytes) @ 0x0000000002ec6b08 [0x0000000002ec39c0+0x3148]
J 2238 C2 java.lang.ClassLoader.loadClass(Ljava/lang/String;)Ljava/lang/Class; (7 bytes) @ 0x00000000029b5910 [0x00000000029b58e0+0x30]
v  ~StubRoutines::call_stub
j  com.trifle.fingerfing.client.FingerFing.onModuleLoad()V+8
v  ~StubRoutines::call_stub
j  sun.reflect.NativeMethodAccessorImpl.invoke0(Ljava/lang/reflect/Method;Ljava/lang/Object;[Ljava/lang/Object;)Ljava/lang/Object;+0
j  sun.reflect.NativeMethodAccessorImpl.invoke(Ljava/lang/Object;[Ljava/lang/Object;)Ljava/lang/Object;+87
J 310 C2 java.lang.reflect.Method.invoke(Ljava/lang/Object;[Ljava/lang/Object;)Ljava/lang/Object; (63 bytes) @ 0x000000000284a9ac [0x000000000284a940+0x6c]
j  com.google.gwt.dev.shell.ModuleSpace.onLoad(Lcom/google/gwt/core/ext/TreeLogger;)V+339
j  com.google.gwt.dev.shell.OophmSessionHandler.loadModule(Lcom/google/gwt/dev/shell/BrowserChannelServer;Ljava/lang/String;Ljava/lang/String;Ljava/lang/String;Ljava/lang/String;Ljava/lang/String;[B)Lcom/google/gwt/core/ext/TreeLogger;+116
j  com.google.gwt.dev.shell.BrowserChannelServer.processConnection()V+776
j  com.google.gwt.dev.shell.BrowserChannelServer.run()V+1
j  java.lang.Thread.run()V+11
v  ~StubRoutines::call_stub

---------------  P R O C E S S  ---------------

Java Threads: ( => current thread )
=>0x000000000b7a2800 JavaThread "Code server for fingerfing from Mozilla/5.0 (Windows NT 6.1; WOW64; Trident/7.0; SLCC2; .NET CLR 2.0.50727; .NET CLR 3.5.30729; .NET CLR 3.0.30729; Media Center PC 6.0; .NET4.0C; InfoPath.3; .NET4.0E; rv:11.0) like Gecko on http://127.0.0.1:8888/FingerFing.html?gwt.codesvr=127.0.0.1:9997 @ {2[SL4Ag~N)\D2@x" daemon [_thread_in_vm, id=7376, stack(0x000000000cd30000,0x000000000ce30000)]
  0x000000000b7a6800 JavaThread "1379807742@qtp-434565364-5" [_thread_blocked, id=8184, stack(0x000000000c010000,0x000000000c110000)]
  0x000000000b7a2000 JavaThread "161732841@qtp-434565364-4" [_thread_blocked, id=7716, stack(0x000000000c260000,0x000000000c360000)]
  0x000000000b7a3800 JavaThread "Timer-1" daemon [_thread_blocked, id=5344, stack(0x000000000dea0000,0x000000000dfa0000)]
  0x000000000b7a1000 JavaThread "1889832625@qtp-434565364-1 - Acceptor0 SelectChannelConnector@0.0.0.0:8888" [_thread_in_native, id=5764, stack(0x000000000cb90000,0x000000000cc90000)]
  0x000000000aeda800 JavaThread "Code server listener" daemon [_thread_in_native, id=6656, stack(0x000000000c130000,0x000000000c230000)]
  0x0000000008e53800 JavaThread "pool-1-thread-1" [_thread_blocked, id=8076, stack(0x000000000ac70000,0x000000000ad70000)]
  0x0000000008d39800 JavaThread "Thread-2" daemon [_thread_blocked, id=5864, stack(0x000000000add0000,0x000000000aed0000)]
  0x0000000008e1b000 JavaThread "Thread-1" [_thread_in_native, id=6052, stack(0x000000000aae0000,0x000000000abe0000)]
  0x0000000008c4d000 JavaThread "Service Thread" daemon [_thread_blocked, id=7020, stack(0x00000000093b0000,0x00000000094b0000)]
  0x0000000008c4c000 JavaThread "C2 CompilerThread1" daemon [_thread_blocked, id=6180, stack(0x0000000009180000,0x0000000009280000)]
  0x0000000008c5c000 JavaThread "C2 CompilerThread0" daemon [_thread_blocked, id=4308, stack(0x0000000009040000,0x0000000009140000)]
  0x00000000074b9000 JavaThread "Attach Listener" daemon [_thread_blocked, id=2084, stack(0x0000000008830000,0x0000000008930000)]
  0x00000000074b2000 JavaThread "Signal Dispatcher" daemon [_thread_blocked, id=6508, stack(0x00000000089a0000,0x0000000008aa0000)]
  0x0000000007459000 JavaThread "Finalizer" daemon [_thread_blocked, id=6928, stack(0x0000000008730000,0x0000000008830000)]
  0x0000000007452000 JavaThread "Reference Handler" daemon [_thread_blocked, id=7460, stack(0x0000000008600000,0x0000000008700000)]
  0x000000000015f000 JavaThread "main" [_thread_blocked, id=3308, stack(0x00000000026d0000,0x00000000027d0000)]

Other Threads:
  0x000000000744c800 VMThread [stack: 0x0000000008500000,0x0000000008600000] [id=7632]
  0x0000000008ca9000 WatcherThread [stack: 0x00000000095a0000,0x00000000096a0000] [id=4888]

VM state:not at safepoint (normal execution)

VM Mutex/Monitor currently owned by a thread: None

Heap
 PSYoungGen      total 141824K, used 39447K [0x00000000f5500000, 0x0000000100000000, 0x0000000100000000)
  eden space 110592K, 22% used [0x00000000f5500000,0x00000000f6d4b5e0,0x00000000fc100000)
  from space 31232K, 46% used [0x00000000fdf80000,0x00000000fedba810,0x00000000ffe00000)
  to   space 31232K, 0% used [0x00000000fc100000,0x00000000fc100000,0x00000000fdf80000)
 ParOldGen       total 169984K, used 95496K [0x00000000e0000000, 0x00000000ea600000, 0x00000000f5500000)
  object space 169984K, 56% used [0x00000000e0000000,0x00000000e5d42370,0x00000000ea600000)
 PSPermGen       total 62976K, used 43665K [0x00000000dae00000, 0x00000000deb80000, 0x00000000e0000000)
  object space 62976K, 69% used [0x00000000dae00000,0x00000000dd8a4778,0x00000000deb80000)

Card table byte_map: [0x00000000057d0000,0x0000000005900000] byte_map_base: 0x00000000050f9000

Polling page: 0x0000000000130000

Code Cache  [0x00000000027d0000, 0x0000000002f00000, 0x00000000057d0000)
 total_blobs=2447 nmethods=2067 adapters=329 free_code_cache=41997Kb largest_free_block=42851200

Compilation events (10 events):
Event: 2439.524 Thread 0x0000000008c4c000 2387             sun.misc.FpUtils::getExponent (17 bytes)
Event: 2439.525 Thread 0x0000000008c4c000 nmethod 2387 0x0000000002a5f0d0 code [0x0000000002a5f200, 0x0000000002a5f258]
Event: 2499.905 Thread 0x0000000008c5c000 2388             com.google.gwt.dev.resource.impl.DirectoryClassPathEntry::descendToFindResources (317 bytes)
Event: 2500.035 Thread 0x0000000008c5c000 nmethod 2388 0x0000000002ee5850 code [0x0000000002ee5ea0, 0x0000000002eea318]
Event: 2500.074 Thread 0x0000000008c4c000 2389             com.google.gwt.dev.javac.CompilationUnitTypeOracleUpdater::resolveEnclosingClass (157 bytes)
Event: 2500.097 Thread 0x0000000008c4c000 nmethod 2389 0x0000000002ee0750 code [0x0000000002ee09c0, 0x0000000002ee1b40]
Event: 2500.167 Thread 0x0000000008c5c000 2390             com.google.gwt.dev.js.ast.JsBinaryOperation::getArg1 (5 bytes)
Event: 2500.168 Thread 0x0000000008c5c000 nmethod 2390 0x0000000002ed4a50 code [0x0000000002ed4b80, 0x0000000002ed4bd8]
Event: 2500.205 Thread 0x0000000008c4c000 2391             com.google.gwt.dev.asm.commons.Remapper::mapType (121 bytes)
Event: 2500.212 Thread 0x0000000008c4c000 nmethod 2391 0x0000000002d91150 code [0x0000000002d91340, 0x0000000002d919c0]

GC Heap History (10 events):
Event: 2444.442 GC heap before
{Heap before GC invocations=117 (full 5):
 PSYoungGen      total 134144K, used 101664K [0x00000000f5500000, 0x00000000ffc80000, 0x0000000100000000)
  eden space 97792K, 100% used [0x00000000f5500000,0x00000000fb480000,0x00000000fb480000)
  from space 36352K, 10% used [0x00000000fb480000,0x00000000fb848030,0x00000000fd800000)
  to   space 34816K, 0% used [0x00000000fda80000,0x00000000fda80000,0x00000000ffc80000)
 ParOldGen       total 169984K, used 95496K [0x00000000e0000000, 0x00000000ea600000, 0x00000000f5500000)
  object space 169984K, 56% used [0x00000000e0000000,0x00000000e5d42370,0x00000000ea600000)
 PSPermGen       total 62976K, used 42799K [0x00000000dae00000, 0x00000000deb80000, 0x00000000e0000000)
  object space 62976K, 67% used [0x00000000dae00000,0x00000000dd7cbdd8,0x00000000deb80000)
Event: 2444.445 GC heap after
Heap after GC invocations=117 (full 5):
 PSYoungGen      total 136704K, used 3936K [0x00000000f5500000, 0x00000000ffb00000, 0x0000000100000000)
  eden space 103424K, 0% used [0x00000000f5500000,0x00000000f5500000,0x00000000fba00000)
  from space 33280K, 11% used [0x00000000fda80000,0x00000000fde58030,0x00000000ffb00000)
  to   space 33280K, 0% used [0x00000000fba00000,0x00000000fba00000,0x00000000fda80000)
 ParOldGen       total 169984K, used 95496K [0x00000000e0000000, 0x00000000ea600000, 0x00000000f5500000)
  object space 169984K, 56% used [0x00000000e0000000,0x00000000e5d42370,0x00000000ea600000)
 PSPermGen       total 62976K, used 42799K [0x00000000dae00000, 0x00000000deb80000, 0x00000000e0000000)
  object space 62976K, 67% used [0x00000000dae00000,0x00000000dd7cbdd8,0x00000000deb80000)
}
Event: 2462.221 GC heap before
{Heap before GC invocations=118 (full 5):
 PSYoungGen      total 136704K, used 107360K [0x00000000f5500000, 0x00000000ffb00000, 0x0000000100000000)
  eden space 103424K, 100% used [0x00000000f5500000,0x00000000fba00000,0x00000000fba00000)
  from space 33280K, 11% used [0x00000000fda80000,0x00000000fde58030,0x00000000ffb00000)
  to   space 33280K, 0% used [0x00000000fba00000,0x00000000fba00000,0x00000000fda80000)
 ParOldGen       total 169984K, used 95496K [0x00000000e0000000, 0x00000000ea600000, 0x00000000f5500000)
  object space 169984K, 56% used [0x00000000e0000000,0x00000000e5d42370,0x00000000ea600000)
 PSPermGen       total 62976K, used 42804K [0x00000000dae00000, 0x00000000deb80000, 0x00000000e0000000)
  object space 62976K, 67% used [0x00000000dae00000,0x00000000dd7cd348,0x00000000deb80000)
Event: 2462.227 GC heap after
Heap after GC invocations=118 (full 5):
 PSYoungGen      total 136704K, used 3968K [0x00000000f5500000, 0x00000000ffc80000, 0x0000000100000000)
  eden space 103424K, 0% used [0x00000000f5500000,0x00000000f5500000,0x00000000fba00000)
  from space 33280K, 11% used [0x00000000fba00000,0x00000000fbde0030,0x00000000fda80000)
  to   space 31744K, 0% used [0x00000000fdd80000,0x00000000fdd80000,0x00000000ffc80000)
 ParOldGen       total 169984K, used 95496K [0x00000000e0000000, 0x00000000ea600000, 0x00000000f5500000)
  object space 169984K, 56% used [0x00000000e0000000,0x00000000e5d42370,0x00000000ea600000)
 PSPermGen       total 62976K, used 42804K [0x00000000dae00000, 0x00000000deb80000, 0x00000000e0000000)
  object space 62976K, 67% used [0x00000000dae00000,0x00000000dd7cd348,0x00000000deb80000)
}
Event: 2481.968 GC heap before
{Heap before GC invocations=119 (full 5):
 PSYoungGen      total 136704K, used 107392K [0x00000000f5500000, 0x00000000ffc80000, 0x0000000100000000)
  eden space 103424K, 100% used [0x00000000f5500000,0x00000000fba00000,0x00000000fba00000)
  from space 33280K, 11% used [0x00000000fba00000,0x00000000fbde0030,0x00000000fda80000)
  to   space 31744K, 0% used [0x00000000fdd80000,0x00000000fdd80000,0x00000000ffc80000)
 ParOldGen       total 169984K, used 95496K [0x00000000e0000000, 0x00000000ea600000, 0x00000000f5500000)
  object space 169984K, 56% used [0x00000000e0000000,0x00000000e5d42370,0x00000000ea600000)
 PSPermGen       total 62976K, used 42805K [0x00000000dae00000, 0x00000000deb80000, 0x00000000e0000000)
  object space 62976K, 67% used [0x00000000dae00000,0x00000000dd7cd500,0x00000000deb80000)
Event: 2481.974 GC heap after
Heap after GC invocations=119 (full 5):
 PSYoungGen      total 135680K, used 4032K [0x00000000f5500000, 0x00000000ff900000, 0x0000000100000000)
  eden space 107520K, 0% used [0x00000000f5500000,0x00000000f5500000,0x00000000fbe00000)
  from space 28160K, 14% used [0x00000000fdd80000,0x00000000fe170030,0x00000000ff900000)
  to   space 30208K, 0% used [0x00000000fbe00000,0x00000000fbe00000,0x00000000fdb80000)
 ParOldGen       total 169984K, used 95496K [0x00000000e0000000, 0x00000000ea600000, 0x00000000f5500000)
  object space 169984K, 56% used [0x00000000e0000000,0x00000000e5d42370,0x00000000ea600000)
 PSPermGen       total 62976K, used 42805K [0x00000000dae00000, 0x00000000deb80000, 0x00000000e0000000)
  object space 62976K, 67% used [0x00000000dae00000,0x00000000dd7cd500,0x00000000deb80000)
}
Event: 2499.984 GC heap before
{Heap before GC invocations=120 (full 5):
 PSYoungGen      total 135680K, used 111533K [0x00000000f5500000, 0x00000000ff900000, 0x0000000100000000)
  eden space 107520K, 99% used [0x00000000f5500000,0x00000000fbdfb5b8,0x00000000fbe00000)
  from space 28160K, 14% used [0x00000000fdd80000,0x00000000fe170030,0x00000000ff900000)
  to   space 30208K, 0% used [0x00000000fbe00000,0x00000000fbe00000,0x00000000fdb80000)
 ParOldGen       total 169984K, used 95496K [0x00000000e0000000, 0x00000000ea600000, 0x00000000f5500000)
  object space 169984K, 56% used [0x00000000e0000000,0x00000000e5d42370,0x00000000ea600000)
 PSPermGen       total 62976K, used 42807K [0x00000000dae00000, 0x00000000deb80000, 0x00000000e0000000)
  object space 62976K, 67% used [0x00000000dae00000,0x00000000dd7cde18,0x00000000deb80000)
Event: 2499.990 GC heap after
Heap after GC invocations=120 (full 5):
 PSYoungGen      total 137728K, used 16419K [0x00000000f5500000, 0x00000000ffe00000, 0x0000000100000000)
  eden space 107520K, 0% used [0x00000000f5500000,0x00000000f5500000,0x00000000fbe00000)
  from space 30208K, 54% used [0x00000000fbe00000,0x00000000fce08e38,0x00000000fdb80000)
  to   space 31232K, 0% used [0x00000000fdf80000,0x00000000fdf80000,0x00000000ffe00000)
 ParOldGen       total 169984K, used 95496K [0x00000000e0000000, 0x00000000ea600000, 0x00000000f5500000)
  object space 169984K, 56% used [0x00000000e0000000,0x00000000e5d42370,0x00000000ea600000)
 PSPermGen       total 62976K, used 42807K [0x00000000dae00000, 0x00000000deb80000, 0x00000000e0000000)
  object space 62976K, 67% used [0x00000000dae00000,0x00000000dd7cde18,0x00000000deb80000)
}
Event: 2500.180 GC heap before
{Heap before GC invocations=121 (full 5):
 PSYoungGen      total 137728K, used 123939K [0x00000000f5500000, 0x00000000ffe00000, 0x0000000100000000)
  eden space 107520K, 100% used [0x00000000f5500000,0x00000000fbe00000,0x00000000fbe00000)
  from space 30208K, 54% used [0x00000000fbe00000,0x00000000fce08e38,0x00000000fdb80000)
  to   space 31232K, 0% used [0x00000000fdf80000,0x00000000fdf80000,0x00000000ffe00000)
 ParOldGen       total 169984K, used 95496K [0x00000000e0000000, 0x00000000ea600000, 0x00000000f5500000)
  object space 169984K, 56% used [0x00000000e0000000,0x00000000e5d42370,0x00000000ea600000)
 PSPermGen       total 62976K, used 42808K [0x00000000dae00000, 0x00000000deb80000, 0x00000000e0000000)
  object space 62976K, 67% used [0x00000000dae00000,0x00000000dd7ce260,0x00000000deb80000)
Event: 2500.190 GC heap after
Heap after GC invocations=121 (full 5):
 PSYoungGen      total 141824K, used 14570K [0x00000000f5500000, 0x0000000100000000, 0x0000000100000000)
  eden space 110592K, 0% used [0x00000000f5500000,0x00000000f5500000,0x00000000fc100000)
  from space 31232K, 46% used [0x00000000fdf80000,0x00000000fedba810,0x00000000ffe00000)
  to   space 31232K, 0% used [0x00000000fc100000,0x00000000fc100000,0x00000000fdf80000)
 ParOldGen       total 169984K, used 95496K [0x00000000e0000000, 0x00000000ea600000, 0x00000000f5500000)
  object space 169984K, 56% used [0x00000000e0000000,0x00000000e5d42370,0x00000000ea600000)
 PSPermGen       total 62976K, used 42808K [0x00000000dae00000, 0x00000000deb80000, 0x00000000e0000000)
  object space 62976K, 67% used [0x00000000dae00000,0x00000000dd7ce260,0x00000000deb80000)
}

Deoptimization events (10 events):
Event: 2318.545 Thread 0x0000000008e1b000 Uncommon trap: reason=class_check action=maybe_recompile pc=0x0000000002a53f44 method=java.io.BufferedOutputStream.write([BII)V @ 20
Event: 2318.548 Thread 0x0000000008e1b000 Uncommon trap: reason=class_check action=maybe_recompile pc=0x0000000002a614c0 method=java.util.Formatter.format(Ljava/util/Locale;Ljava/lang/String;[Ljava/lang/Object;)Ljava/util/Formatter; @ 76
Event: 2318.548 Thread 0x0000000008e1b000 Uncommon trap: reason=class_check action=maybe_recompile pc=0x0000000002a53f44 method=java.io.BufferedOutputStream.write([BII)V @ 20
Event: 2318.548 Thread 0x0000000008e1b000 Uncommon trap: reason=class_check action=maybe_recompile pc=0x0000000002a0d5cc method=java.io.PrintWriter.write(Ljava/lang/String;II)V @ 19
Event: 2318.548 Thread 0x0000000008e1b000 Uncommon trap: reason=class_check action=maybe_recompile pc=0x0000000002a0d5cc method=java.io.PrintWriter.write(Ljava/lang/String;II)V @ 19
Event: 2321.303 Thread 0x000000000b7a5000 Uncommon trap: reason=null_check action=make_not_entrant pc=0x0000000002e85cd8 method=java.lang.Class.isEnum()Z @ 1
Event: 2323.837 Thread 0x000000000b7a5000 Uncommon trap: reason=null_check action=make_not_entrant pc=0x0000000002eac438 method=com.google.gwt.dev.javac.CompilationUnitTypeOracleUpdater.resolveAnnotationValue(Lcom/google/gwt/core/ext/TreeLogger;Ljava/lang/Class;Ljava/lang/Object;)Ljava/lang/Object{Þsòï¢@
Event: 2423.974 Thread 0x0000000008e53800 Uncommon trap: reason=unreached action=reinterpret pc=0x0000000002a23570 method=java.lang.ref.SoftReference.get()Ljava/lang/Object; @ 6
Event: 2438.603 Thread 0x000000000b7a6800 Uncommon trap: reason=class_check action=maybe_recompile pc=0x0000000002b41a30 method=com.google.gwt.thirdparty.guava.common.collect.MapMakerInternalMap$Segment.put(Ljava/lang/Object;ILjava/lang/Object;Z)Ljava/lang/Object; @ 118
Event: 2438.603 Thread 0x000000000b7a6800 Uncommon trap: reason=class_check action=maybe_recompile pc=0x0000000002a9fa2c method=com.google.gwt.thirdparty.guava.common.collect.MapMakerInternalMap$WeakEntry.setValueReference(Lcom/google/gwt/thirdparty/guava/common/collect/MapMakerInternalMap$ValueRe«xlH¢@

Internal exceptions (10 events):
Event: 2425.137 Thread 0x000000000b7a6800 Threw 0x00000000f8a70028 at C:\re\jdk7u60\1081\hotspot\src\share\vm\prims\jni.cpp:717
Event: 2425.137 Thread 0x000000000b7a6800 Threw 0x00000000f8a72820 at C:\re\jdk7u60\1081\hotspot\src\share\vm\prims\jni.cpp:717
Event: 2425.137 Thread 0x000000000b7a6800 Threw 0x00000000f8a742d8 at C:\re\jdk7u60\1081\hotspot\src\share\vm\prims\jni.cpp:717
Event: 2425.137 Thread 0x000000000b7a6800 Threw 0x00000000f8a76b90 at C:\re\jdk7u60\1081\hotspot\src\share\vm\prims\jni.cpp:717
Event: 2425.137 Thread 0x000000000b7a6800 Threw 0x00000000f8a786a8 at C:\re\jdk7u60\1081\hotspot\src\share\vm\prims\jni.cpp:717
Event: 2425.191 Thread 0x0000000008e53800 Threw 0x00000000f8fcc2d0 at C:\re\jdk7u60\1081\hotspot\src\share\vm\prims\jni.cpp:1632
Event: 2427.463 Thread 0x0000000008e53800 Threw 0x00000000f56782b0 at C:\re\jdk7u60\1081\hotspot\src\share\vm\prims\jni.cpp:1632
Event: 2427.464 Thread 0x0000000008e53800 Threw 0x00000000f56854f8 at C:\re\jdk7u60\1081\hotspot\src\share\vm\prims\jni.cpp:1632
Event: 2427.464 Thread 0x0000000008e53800 Threw 0x00000000f5688c10 at C:\re\jdk7u60\1081\hotspot\src\share\vm\prims\jni.cpp:1632
Event: 2431.182 Thread 0x0000000008e53800 Threw 0x00000000f7dac520 at C:\re\jdk7u60\1081\hotspot\src\share\vm\prims\jni.cpp:1632

Events (10 events):
Event: 2500.261 loading class 0x000000000b75ac30
Event: 2500.261 loading class 0x000000000b75ac30 done
Event: 2500.261 loading class 0x000000000d80cdf0
Event: 2500.261 loading class 0x000000000d80cdf0 done
Event: 2500.261 loading class 0x000000000d80ce30
Event: 2500.261 loading class 0x000000000d80ce30 done
Event: 2500.261 loading class 0x000000000d80cdb0
Event: 2500.261 loading class 0x000000000d80cdb0 done
Event: 2500.261 loading class 0x000000000d80ceb0
Event: 2500.261 loading class 0x000000000d80ceb0 done


Dynamic libraries:
0x000000013f8b0000 - 0x000000013f8e3000 	C:\Program Files\Java\jre7\bin\javaw.exe
0x0000000076e70000 - 0x0000000077019000 	C:\Windows\SYSTEM32\ntdll.dll
0x0000000076d50000 - 0x0000000076e6f000 	C:\Windows\system32\kernel32.dll
0x000007fefcf20000 - 0x000007fefcf8c000 	C:\Windows\system32\KERNELBASE.dll
0x00000000749c0000 - 0x0000000074a48000 	C:\Windows\System32\SYSFER.DLL
0x000007fefd270000 - 0x000007fefd34b000 	C:\Windows\system32\ADVAPI32.dll
0x000007fefe350000 - 0x000007fefe3ef000 	C:\Windows\system32\msvcrt.dll
0x000007fefe150000 - 0x000007fefe16f000 	C:\Windows\SYSTEM32\sechost.dll
0x000007fefda70000 - 0x000007fefdb9d000 	C:\Windows\system32\RPCRT4.dll
0x0000000076c50000 - 0x0000000076d4a000 	C:\Windows\system32\USER32.dll
0x000007fefd6e0000 - 0x000007fefd747000 	C:\Windows\system32\GDI32.dll
0x000007fefd750000 - 0x000007fefd75e000 	C:\Windows\system32\LPK.dll
0x000007fefddb0000 - 0x000007fefde79000 	C:\Windows\system32\USP10.dll
0x000007fefb4c0000 - 0x000007fefb6b4000 	C:\Windows\WinSxS\amd64_microsoft.windows.common-controls_6595b64144ccf1df_6.0.7601.17514_none_fa396087175ac9ac\COMCTL32.dll
0x000007fefe2d0000 - 0x000007fefe341000 	C:\Windows\system32\SHLWAPI.dll
0x000007fefd240000 - 0x000007fefd26e000 	C:\Windows\system32\IMM32.DLL
0x000007fefe170000 - 0x000007fefe279000 	C:\Windows\system32\MSCTF.dll
0x0000000077240000 - 0x0000000077312000 	C:\Program Files\Java\jre7\bin\msvcr100.dll
0x000000006e340000 - 0x000000006eb12000 	C:\Program Files\Java\jre7\bin\server\jvm.dll
0x000007fef8660000 - 0x000007fef8669000 	C:\Windows\system32\WSOCK32.dll
0x000007fefe280000 - 0x000007fefe2cd000 	C:\Windows\system32\WS2_32.dll
0x000007fefe140000 - 0x000007fefe148000 	C:\Windows\system32\NSI.dll
0x000007fefa9f0000 - 0x000007fefaa2b000 	C:\Windows\system32\WINMM.dll
0x0000000077030000 - 0x0000000077037000 	C:\Windows\system32\PSAPI.DLL
0x0000000077470000 - 0x000000007747f000 	C:\Program Files\Java\jre7\bin\verify.dll
0x0000000077440000 - 0x0000000077468000 	C:\Program Files\Java\jre7\bin\java.dll
0x000000005def0000 - 0x000000005df13000 	C:\Program Files\Java\jre7\bin\instrument.dll
0x0000000077420000 - 0x0000000077435000 	C:\Program Files\Java\jre7\bin\zip.dll
0x0000000077220000 - 0x0000000077239000 	C:\Program Files\Java\jre7\bin\net.dll
0x000007fefc480000 - 0x000007fefc4d5000 	C:\Windows\system32\mswsock.dll
0x000007fefc470000 - 0x000007fefc477000 	C:\Windows\System32\wship6.dll
0x000007fefbc50000 - 0x000007fefbe51000 	C:\Program Files (x86)\Forefront TMG Client\FwcWsp64.dll
0x000007fefcea0000 - 0x000007fefceda000 	C:\Windows\system32\WINTRUST.dll
0x000007fefcd20000 - 0x000007fefce8c000 	C:\Windows\system32\CRYPT32.dll
0x000007fefcca0000 - 0x000007fefccaf000 	C:\Windows\system32\MSASN1.dll
0x000007fefbc40000 - 0x000007fefbc4c000 	C:\Windows\system32\VERSION.dll
0x000007fefbc20000 - 0x000007fefbc36000 	C:\Windows\system32\NETAPI32.dll
0x000007fefc110000 - 0x000007fefc11c000 	C:\Windows\system32\netutils.dll
0x000007fefc630000 - 0x000007fefc653000 	C:\Windows\system32\srvcli.dll
0x000007fefbc00000 - 0x000007fefbc15000 	C:\Windows\system32\wkscli.dll
0x000007fefbbf0000 - 0x000007fefbbfc000 	C:\Windows\system32\DSROLE.DLL
0x000007fefbac0000 - 0x000007fefbbe5000 	C:\Windows\system32\DBGHELP.DLL
0x00000000749a0000 - 0x00000000749a3000 	C:\Windows\system32\security.dll
0x000007fefc6d0000 - 0x000007fefc6db000 	C:\Windows\system32\SECUR32.DLL
0x000007fefcab0000 - 0x000007fefcad5000 	C:\Windows\system32\SSPICLI.DLL
0x000007fefc0d0000 - 0x000007fefc0da000 	C:\Windows\system32\credssp.dll
0x000007fefc410000 - 0x000007fefc462000 	C:\Windows\system32\msv1_0.DLL
0x000007fefc850000 - 0x000007fefc864000 	C:\Windows\system32\cryptdll.dll
0x000007fefdba0000 - 0x000007fefdda3000 	C:\Windows\system32\ole32.dll
0x000007fefccb0000 - 0x000007fefccbf000 	C:\Windows\system32\profapi.dll
0x000007fefbaa0000 - 0x000007fefbaa7000 	C:\Windows\System32\wshtcpip.dll
0x000007fefc300000 - 0x000007fefc35b000 	C:\Windows\system32\DNSAPI.dll
0x0000000074590000 - 0x00000000745c5000 	C:\Program Files\Bonjour\mdnsNSP.dll
0x000007fefa400000 - 0x000007fefa427000 	C:\Windows\system32\Iphlpapi.DLL
0x000007fefa3f0000 - 0x000007fefa3fb000 	C:\Windows\system32\WINNSI.DLL
0x000007fefa4a0000 - 0x000007fefa4b5000 	C:\Windows\system32\NLAapi.dll
0x000007fef95f0000 - 0x000007fef9605000 	C:\Windows\system32\napinsp.dll
0x000007fef9610000 - 0x000007fef9629000 	C:\Windows\system32\pnrpnsp.dll
0x000007fef95e0000 - 0x000007fef95eb000 	C:\Windows\System32\winrnr.dll
0x000007fef9630000 - 0x000007fef9638000 	C:\Windows\system32\rasadhlp.dll
0x000007fefa2b0000 - 0x000007fefa303000 	C:\Windows\System32\fwpuclnt.dll
0x000007fefc4e0000 - 0x000007fefc4f7000 	C:\Windows\system32\CRYPTSP.dll
0x000007fefc1e0000 - 0x000007fefc227000 	C:\Windows\system32\rsaenh.dll
0x000007fefd040000 - 0x000007fefd05e000 	C:\Windows\system32\USERENV.dll
0x000007fefcb40000 - 0x000007fefcb4f000 	C:\Windows\system32\CRYPTBASE.dll
0x000007fefdf20000 - 0x000007fefdf39000 	C:\Windows\system32\imagehlp.dll
0x000007fefa220000 - 0x000007fefa231000 	C:\Windows\system32\dhcpcsvc6.DLL
0x000007fefa200000 - 0x000007fefa218000 	C:\Windows\system32\dhcpcsvc.DLL
0x000007fefc730000 - 0x000007fefc77d000 	C:\Windows\system32\ncrypt.dll
0x000007fefc700000 - 0x000007fefc722000 	C:\Windows\system32\bcrypt.dll
0x000007fefc120000 - 0x000007fefc16c000 	C:\Windows\system32\bcryptprimitives.dll
0x000007fefbf40000 - 0x000007fefbf5b000 	C:\Windows\system32\GPAPI.dll
0x0000000077200000 - 0x0000000077211000 	C:\Program Files\Java\jre7\bin\nio.dll
0x000007fef94e0000 - 0x000007fef9507000 	C:\Windows\system32\cryptnet.dll
0x000007fefda10000 - 0x000007fefda62000 	C:\Windows\system32\WLDAP32.dll
0x000007fefc500000 - 0x000007fefc5b8000 	C:\Windows\system32\kerberos.DLL

VM Arguments:
jvm_args: -Ddatastore.default_high_rep_job_policy_unapplied_job_pct=50 -Xmx512m -javaagent:C:\java_tools3\eclipse_kepler\plugins\com.google.appengine.eclipse.sdkbundle_1.9.6\appengine-java-sdk-1.9.6\lib\agent\appengine-agent.jar -Dfile.encoding=UTF-8 
java_command: com.google.gwt.dev.DevMode -remoteUI 55916:25969669350214 -startupUrl FingerFing.html -logLevel INFO -codeServerPort 9997 -port 8888 -server com.google.appengine.tools.development.gwt.AppEngineLauncher -war C:\Users\tat100kmv1\git\fingerfing\FingerFing\war com.trifle.fingerfing.FingerFing
Launcher Type: SUN_STANDARD

Environment Variables:
JAVA_HOME=C:\Program Files\Java\jdk1.7.0_60
PATH=C:\oracleadd\product\12.1.0\client_1;C:\oracleadd\product\12.1.0\client_1\bin;C:\oraclexe\app\oracle\product\10.2.0\server\bin;C:\oracle\bin;C:\EOS\PB10DK\;C:\Windows\system32;C:\Windows;C:\Windows\System32\Wbem;C:\Program Files (x86)\Graphviz\bin;C:\Windows\System32\WindowsPowerShell\v1.0\;C:\Windows\System32\WindowsPowerShell\v1.0\;C:\Program Files (x86)\OTRS\StrawberryPerl\site\bin;C:\Program Files (x86)\OTRS\StrawberryPerl\perl\bin;C:\Program Files (x86)\OTRS\StrawberryPerl\c\bin;C:\java_tools3\apache-maven-3.2.2\bin;C:\Program Files (x86)\SecureCRT
USERNAME=tat100kmv1
OS=Windows_NT
PROCESSOR_IDENTIFIER=Intel64 Family 6 Model 42 Stepping 7, GenuineIntel



---------------  S Y S T E M  ---------------

OS: Windows 7 , 64 bit Build 7601 Service Pack 1

CPU:total 4 (4 cores per cpu, 1 threads per core) family 6 model 42 stepping 7, cmov, cx8, fxsr, mmx, sse, sse2, sse3, ssse3, sse4.1, sse4.2, popcnt, avx, aes, tsc, tscinvbit

Memory: 4k page, physical 4107768k(1124008k free), swap 8213672k(3697860k free)

vm_info: Java HotSpot(TM) 64-Bit Server VM (24.60-b09) for windows-amd64 JRE (1.7.0_60-b19), built on May  7 2014 12:55:18 by "java_re" with unknown MS VC++:1600

time: Wed Aug 13 15:37:23 2014
elapsed time: 2500 seconds

